\BOOKMARK [1][-]{section*.4}{RESUMEN}{}% 1
\BOOKMARK [1][-]{section*.6}{ABSTRACT}{}% 2
\BOOKMARK [1][-]{section.1}{PLANTEAMIENTO DEL PROBLEMA}{}% 3
\BOOKMARK [2][-]{subsection.1.1}{Enunciado del problema}{section.1}% 4
\BOOKMARK [2][-]{subsection.1.2}{Formulaci\363n del problema}{section.1}% 5
\BOOKMARK [1][-]{section.2}{OBJETIVOS}{}% 6
\BOOKMARK [2][-]{subsection.2.1}{Objetivo general}{section.2}% 7
\BOOKMARK [2][-]{subsection.2.2}{Objetivos espec\355ficos}{section.2}% 8
\BOOKMARK [1][-]{section.3}{JUSTIFICACI\323N}{}% 9
\BOOKMARK [2][-]{subsection.3.1}{Justificaci\363n te\363rica}{section.3}% 10
\BOOKMARK [2][-]{subsection.3.2}{Justificaci\363n practica}{section.3}% 11
\BOOKMARK [2][-]{subsection.3.3}{Justificaci\363n metodol\363gica}{section.3}% 12
\BOOKMARK [1][-]{section.4}{MARCO TE\323RICO}{}% 13
\BOOKMARK [2][-]{subsection.4.1}{Marco hist\363rico}{section.4}% 14
\BOOKMARK [2][-]{subsection.4.2}{Marco referencial}{section.4}% 15
\BOOKMARK [2][-]{subsection.4.3}{Sistema te\363rico}{section.4}% 16
\BOOKMARK [2][-]{subsection.4.4}{Marco conceptual}{section.4}% 17
\BOOKMARK [1][-]{section.5}{HIP\323TESIS}{}% 18
\BOOKMARK [2][-]{subsection.5.1}{Hip\363tesis general}{section.5}% 19
\BOOKMARK [2][-]{subsection.5.2}{Hip\363tesis especifica}{section.5}% 20
\BOOKMARK [1][-]{section.6}{VARIABLES E INDICADORES}{}% 21
\BOOKMARK [2][-]{subsection.6.1}{Desigualdad socio-econ\363mica y dimensiones}{section.6}% 22
\BOOKMARK [2][-]{subsection.6.2}{Operacionales de variables y dimensiones}{section.6}% 23
\BOOKMARK [1][-]{section.7}{METODOLOG\315A}{}% 24
\BOOKMARK [2][-]{subsection.7.1}{Tipo y nivel de investigaci\363n}{section.7}% 25
\BOOKMARK [2][-]{subsection.7.2}{Poblaci\363n y muestra}{section.7}% 26
\BOOKMARK [2][-]{subsection.7.3}{Fuentes de informaci\363n}{section.7}% 27
\BOOKMARK [2][-]{subsection.7.4}{Dise\361o de investigaci\363n}{section.7}% 28
\BOOKMARK [2][-]{subsection.7.5}{T\351cnicas e instrumentos}{section.7}% 29
\BOOKMARK [1][-]{section.8}{REFERENCIAS BIBLIOGR\301FICAS}{}% 30
\BOOKMARK [1][-]{section*.31}{CONCLUSIONES}{}% 31
\BOOKMARK [1][-]{section*.33}{RECOMENDACIONES}{}% 32
